0 info it worked if it ends with ok
1 verbose cli [ 'C:\\Program Files\\nodejs\\node.exe',
1 verbose cli   'C:\\Program Files\\nodejs\\node_modules\\npm\\bin\\npm-cli.js',
1 verbose cli   'start' ]
2 info using npm@3.10.10
3 info using node@v6.11.4
4 verbose run-script [ 'prestart', 'start', 'poststart' ]
5 info lifecycle angular-quickstart@1.0.0~prestart: angular-quickstart@1.0.0
6 verbose lifecycle angular-quickstart@1.0.0~prestart: unsafe-perm in lifecycle true
7 verbose lifecycle angular-quickstart@1.0.0~prestart: PATH: C:\Program Files\nodejs\node_modules\npm\bin\node-gyp-bin;C:\Users\Nicolas\desktop\project-angular\node_modules\.bin;C:\Users\Nicolas\bin;C:\Program Files\Git\mingw64\bin;C:\Program Files\Git\usr\local\bin;C:\Program Files\Git\usr\bin;C:\Program Files\Git\usr\bin;C:\Program Files\Git\mingw64\bin;C:\Program Files\Git\usr\bin;C:\Users\Nicolas\bin;C:\Program Files (x86)\NVIDIA Corporation\PhysX\Common;C:\Program Files\Microsoft MPI\Bin;C:\Python27;C:\Python27\Scripts;C:\ProgramData\Oracle\Java\javapath;C:\Program Files (x86)\Intel\iCLS Client;C:\Program Files\Intel\iCLS Client;C:\WINDOWS\system32;C:\WINDOWS;C:\WINDOWS\System32\Wbem;C:\WINDOWS\System32\WindowsPowerShell\v1.0;C:\Program Files\Intel\Intel(R) Management Engine Components\DAL;C:\Program Files\Intel\Intel(R) Management Engine Components\IPT;C:\Program Files (x86)\Intel\Intel(R) Management Engine Components\DAL;C:\Program Files (x86)\Intel\Intel(R) Management Engine Components\IPT;C:\Users\Nicolas\.dnx\bin;C:\Program Files\Microsoft DNX\Dnvm;C:\Program Files (x86)\GtkSharp\2.12\bin;C:\Program Files\dotnet;C:\Program Files\Microsoft SQL Server\Client SDK\ODBC\130\Tools\Binn;C:\Program Files (x86)\Microsoft SQL Server\130\Tools\Binn;C:\Program Files\Microsoft SQL Server\130\Tools\Binn;C:\Program Files\Microsoft SQL Server\130\DTS\Binn;C:\Program Files (x86)\Microsoft SQL Server\Client SDK\ODBC\130\Tools\Binn;C:\Program Files (x86)\Microsoft SQL Server\130\DTS\Binn;C:\Program Files (x86)\Microsoft SQL Server\130\Tools\Binn\ManagementStudio;C:\Program Files\Git\cmd;C:\WINDOWS\system32;C:\WINDOWS;C:\WINDOWS\System32\Wbem;C:\WINDOWS\System32\WindowsPowerShell\v1.0;C:\HashiCorp\Vagrant\bin;C:\Users\Nicolas\AppData\Local\Programs\Python\Python36\Scripts;C:\Program Files\Amazon\AWSCLI;C:\Program Files (x86)\Amazon\AWSCLI;C:\Program Files\Amazon\AWSCLI;C:\Program Files\nodejs;C:\Users\Nicolas\AppData\Local\Microsoft\WindowsApps;C:\Users\Nicolas\AppData\Local\Programs\Python\Python36\Scripts;C:\Program Files\Amazon\AWSCLI;C:\Program Files (x86)\Amazon\AWSCLI;C:\Users\Nicolas\AppData\Roaming\npm;C:\Program Files\Git\usr\bin\vendor_perl;C:\Program Files\Git\usr\bin\core_perl
8 verbose lifecycle angular-quickstart@1.0.0~prestart: CWD: C:\Users\Nicolas\desktop\project-angular
9 silly lifecycle angular-quickstart@1.0.0~prestart: Args: [ '/d /s /c', 'npm run build' ]
10 silly lifecycle angular-quickstart@1.0.0~prestart: Returned: code: 1  signal: null
11 info lifecycle angular-quickstart@1.0.0~prestart: Failed to exec prestart script
12 verbose stack Error: angular-quickstart@1.0.0 prestart: `npm run build`
12 verbose stack Exit status 1
12 verbose stack     at EventEmitter.<anonymous> (C:\Program Files\nodejs\node_modules\npm\lib\utils\lifecycle.js:255:16)
12 verbose stack     at emitTwo (events.js:106:13)
12 verbose stack     at EventEmitter.emit (events.js:191:7)
12 verbose stack     at ChildProcess.<anonymous> (C:\Program Files\nodejs\node_modules\npm\lib\utils\spawn.js:40:14)
12 verbose stack     at emitTwo (events.js:106:13)
12 verbose stack     at ChildProcess.emit (events.js:191:7)
12 verbose stack     at maybeClose (internal/child_process.js:920:16)
12 verbose stack     at Process.ChildProcess._handle.onexit (internal/child_process.js:230:5)
13 verbose pkgid angular-quickstart@1.0.0
14 verbose cwd C:\Users\Nicolas\desktop\project-angular\src\app
15 error Windows_NT 10.0.15063
16 error argv "C:\\Program Files\\nodejs\\node.exe" "C:\\Program Files\\nodejs\\node_modules\\npm\\bin\\npm-cli.js" "start"
17 error node v6.11.4
18 error npm  v3.10.10
19 error code ELIFECYCLE
20 error angular-quickstart@1.0.0 prestart: `npm run build`
20 error Exit status 1
21 error Failed at the angular-quickstart@1.0.0 prestart script 'npm run build'.
21 error Make sure you have the latest version of node.js and npm installed.
21 error If you do, this is most likely a problem with the angular-quickstart package,
21 error not with npm itself.
21 error Tell the author that this fails on your system:
21 error     npm run build
21 error You can get information on how to open an issue for this project with:
21 error     npm bugs angular-quickstart
21 error Or if that isn't available, you can get their info via:
21 error     npm owner ls angular-quickstart
21 error There is likely additional logging output above.
22 verbose exit [ 1, true ]
